#
# A fatal error has been detected by the Java Runtime Environment:
#
#  Internal Error (classFileParser.cpp:3494), pid=5829, tid=3078593392
#  Error: ShouldNotReachHere()
#
# JRE version: 6.0_22-b22
# Java VM: OpenJDK Server VM (20.0-b11 mixed mode linux-x86 )
# Derivative: IcedTea6 1.10.2
# Distribution: Ubuntu 11.04, package 6b22-1.10.2-0ubuntu1~11.04.1
# If you would like to submit a bug report, please include
# instructions how to reproduce the bug and visit:
#   https://bugs.launchpad.net/ubuntu/+source/openjdk-6/
#

---------------  T H R E A D  ---------------

Current thread (0x083f8400):  JavaThread "Unknown thread" [_thread_in_vm, id=5834, stack(0xb77a9000,0xb77fa000)]

Stack: [0xb77a9000,0xb77fa000],  sp=0xb77f8840,  free space=318k
Native frames: (J=compiled Java code, j=interpreted, Vv=VM code, C=native code)
V  [libjvm.so+0x65618f]  VMError::report(outputStream*)+0x145f
V  [libjvm.so+0x656472]  VMError::report_and_die()+0x192
V  [libjvm.so+0x29b3fe]  report_vm_error(char const*, int, char const*, char const*)+0x3e
V  [libjvm.so+0x29b529]  report_should_not_reach_here(char const*, int)+0x29
V  [libjvm.so+0x235508]  ClassFileParser::parseClassFile(symbolHandle, Handle, Handle, KlassHandle, GrowableArray<Handle>*, symbolHandle&, bool, Thread*)+0x2278
V  [libjvm.so+0x23941b]  ClassLoader::load_classfile(symbolHandle, Thread*)+0x20b
V  [libjvm.so+0x5eac0d]  SystemDictionary::load_instance_class(symbolHandle, Handle, Thread*)+0x48d
V  [libjvm.so+0x5e941d]  SystemDictionary::resolve_instance_class_or_null(symbolHandle, Handle, Handle, Thread*)+0x70d
V  [libjvm.so+0x5e9c44]  SystemDictionary::resolve_or_null(symbolHandle, Handle, Handle, Thread*)+0x44
V  [libjvm.so+0x5eb210]  SystemDictionary::resolve_or_fail(symbolHandle, Handle, Handle, bool, Thread*)+0x30
V  [libjvm.so+0x5eb2da]  SystemDictionary::resolve_or_fail(symbolHandle, bool, Thread*)+0x2a
V  [libjvm.so+0x5eb36d]  SystemDictionary::initialize_wk_klass(SystemDictionary::WKID, int, Thread*)+0x8d
V  [libjvm.so+0x5eb3c5]  SystemDictionary::initialize_wk_klasses_until(SystemDictionary::WKID, SystemDictionary::WKID&, Thread*)+0x55
V  [libjvm.so+0x5eed05]  SystemDictionary::initialize_wk_klasses_through(SystemDictionary::WKID, SystemDictionary::WKID&, Thread*)+0x25
V  [libjvm.so+0x5eb493]  SystemDictionary::initialize_preloaded_classes(Thread*)+0x73
V  [libjvm.so+0x5eb7b1]  SystemDictionary::initialize(Thread*)+0x131
V  [libjvm.so+0x62dea7]  Universe::genesis(Thread*)+0x117
V  [libjvm.so+0x62e7cc]  universe2_init()+0x2c
V  [libjvm.so+0x358368]  init_globals()+0x98
V  [libjvm.so+0x6188ac]  Threads::create_vm(JavaVMInitArgs*, bool*)+0x1bc
V  [libjvm.so+0x3a6d0c]  JNI_CreateJavaVM+0x5c
C  [java+0x1788]  JavaMain+0x88
C  [libpthread.so.0+0x5e99]  start_thread+0xd9


---------------  P R O C E S S  ---------------

Java Threads: ( => current thread )

Other Threads:

=>0x083f8400 (exited) JavaThread "Unknown thread" [_thread_in_vm, id=5834, stack(0xb77a9000,0xb77fa000)]

VM state:not at safepoint (not fully initialized)

VM Mutex/Monitor currently owned by a thread: None

Dynamic libraries:
00110000-001ef000 r-xp 00000000 08:06 3414376    /usr/lib/i386-linux-gnu/libstdc++.so.6.0.14
001ef000-001f3000 r--p 000de000 08:06 3414376    /usr/lib/i386-linux-gnu/libstdc++.so.6.0.14
001f3000-001f4000 rw-p 000e2000 08:06 3414376    /usr/lib/i386-linux-gnu/libstdc++.so.6.0.14
001f4000-001fb000 rw-p 00000000 00:00 0 
001fb000-0020e000 r-xp 00000000 08:06 1311593    /lib/i386-linux-gnu/libnsl-2.13.so
0020e000-0020f000 r--p 00012000 08:06 1311593    /lib/i386-linux-gnu/libnsl-2.13.so
0020f000-00210000 rw-p 00013000 08:06 1311593    /lib/i386-linux-gnu/libnsl-2.13.so
00210000-00212000 rw-p 00000000 00:00 0 
00212000-0021c000 r-xp 00000000 08:06 1311599    /lib/i386-linux-gnu/libnss_files-2.13.so
0021c000-0021d000 r--p 00009000 08:06 1311599    /lib/i386-linux-gnu/libnss_files-2.13.so
0021d000-0021e000 rw-p 0000a000 08:06 1311599    /lib/i386-linux-gnu/libnss_files-2.13.so
002ea000-00304000 r-xp 00000000 08:06 1311581    /lib/i386-linux-gnu/libgcc_s.so.1
00304000-00305000 r--p 00019000 08:06 1311581    /lib/i386-linux-gnu/libgcc_s.so.1
00305000-00306000 rw-p 0001a000 08:06 1311581    /lib/i386-linux-gnu/libgcc_s.so.1
00307000-00310000 r-xp 00000000 08:06 1311603    /lib/i386-linux-gnu/libnss_nis-2.13.so
00310000-00311000 r--p 00008000 08:06 1311603    /lib/i386-linux-gnu/libnss_nis-2.13.so
00311000-00312000 rw-p 00009000 08:06 1311603    /lib/i386-linux-gnu/libnss_nis-2.13.so
003c5000-003e8000 r-xp 00000000 08:06 3674918    /usr/lib/jvm/java-6-openjdk/jre/lib/i386/libjava.so
003e8000-003e9000 r--p 00022000 08:06 3674918    /usr/lib/jvm/java-6-openjdk/jre/lib/i386/libjava.so
003e9000-003eb000 rw-p 00023000 08:06 3674918    /usr/lib/jvm/java-6-openjdk/jre/lib/i386/libjava.so
00457000-0045e000 r-xp 00000000 08:06 1311622    /lib/i386-linux-gnu/librt-2.13.so
0045e000-0045f000 r--p 00006000 08:06 1311622    /lib/i386-linux-gnu/librt-2.13.so
0045f000-00460000 rw-p 00007000 08:06 1311622    /lib/i386-linux-gnu/librt-2.13.so
004bc000-004c2000 r-xp 00000000 08:06 1311595    /lib/i386-linux-gnu/libnss_compat-2.13.so
004c2000-004c3000 r--p 00005000 08:06 1311595    /lib/i386-linux-gnu/libnss_compat-2.13.so
004c3000-004c4000 rw-p 00006000 08:06 1311595    /lib/i386-linux-gnu/libnss_compat-2.13.so
004d6000-004d9000 r-xp 00000000 08:06 3933536    /usr/lib/jvm/java-6-openjdk/jre/lib/i386/jli/libjli.so
004d9000-004da000 r--p 00002000 08:06 3933536    /usr/lib/jvm/java-6-openjdk/jre/lib/i386/jli/libjli.so
004da000-004db000 rw-p 00003000 08:06 3933536    /usr/lib/jvm/java-6-openjdk/jre/lib/i386/jli/libjli.so
005c6000-005e2000 r-xp 00000000 08:06 1311540    /lib/i386-linux-gnu/ld-2.13.so
005e2000-005e3000 r--p 0001b000 08:06 1311540    /lib/i386-linux-gnu/ld-2.13.so
005e3000-005e4000 rw-p 0001c000 08:06 1311540    /lib/i386-linux-gnu/ld-2.13.so
00841000-00854000 r-xp 00000000 08:06 1311636    /lib/i386-linux-gnu/libz.so.1.2.3.4
00854000-00855000 r--p 00012000 08:06 1311636    /lib/i386-linux-gnu/libz.so.1.2.3.4
00855000-00856000 rw-p 00013000 08:06 1311636    /lib/i386-linux-gnu/libz.so.1.2.3.4
00b47000-00b48000 r-xp 00000000 00:00 0          [vdso]
00b87000-00ce1000 r-xp 00000000 08:06 1311553    /lib/i386-linux-gnu/libc-2.13.so
00ce1000-00ce2000 ---p 0015a000 08:06 1311553    /lib/i386-linux-gnu/libc-2.13.so
00ce2000-00ce4000 r--p 0015a000 08:06 1311553    /lib/i386-linux-gnu/libc-2.13.so
00ce4000-00ce5000 rw-p 0015c000 08:06 1311553    /lib/i386-linux-gnu/libc-2.13.so
00ce5000-00ce8000 rw-p 00000000 00:00 0 
00d4a000-00d5f000 r-xp 00000000 08:06 1311618    /lib/i386-linux-gnu/libpthread-2.13.so
00d5f000-00d60000 r--p 00015000 08:06 1311618    /lib/i386-linux-gnu/libpthread-2.13.so
00d60000-00d61000 rw-p 00016000 08:06 1311618    /lib/i386-linux-gnu/libpthread-2.13.so
00d61000-00d63000 rw-p 00000000 00:00 0 
00dfd000-00e21000 r-xp 00000000 08:06 1311590    /lib/i386-linux-gnu/libm-2.13.so
00e21000-00e22000 r--p 00023000 08:06 1311590    /lib/i386-linux-gnu/libm-2.13.so
00e22000-00e23000 rw-p 00024000 08:06 1311590    /lib/i386-linux-gnu/libm-2.13.so
00e2a000-00e30000 r-xp 00000000 08:06 3674926    /usr/lib/jvm/java-6-openjdk/jre/lib/i386/libzip.so
00e30000-00e31000 r--p 00005000 08:06 3674926    /usr/lib/jvm/java-6-openjdk/jre/lib/i386/libzip.so
00e31000-00e32000 rw-p 00006000 08:06 3674926    /usr/lib/jvm/java-6-openjdk/jre/lib/i386/libzip.so
00e68000-00e73000 r-xp 00000000 08:06 3678802    /usr/lib/jvm/java-6-openjdk/jre/lib/i386/libverify.so
00e73000-00e74000 ---p 0000b000 08:06 3678802    /usr/lib/jvm/java-6-openjdk/jre/lib/i386/libverify.so
00e74000-00e75000 r--p 0000b000 08:06 3678802    /usr/lib/jvm/java-6-openjdk/jre/lib/i386/libverify.so
00e75000-00e76000 rw-p 0000c000 08:06 3678802    /usr/lib/jvm/java-6-openjdk/jre/lib/i386/libverify.so
00faf000-00fb1000 r-xp 00000000 08:06 1311563    /lib/i386-linux-gnu/libdl-2.13.so
00fb1000-00fb2000 r--p 00001000 08:06 1311563    /lib/i386-linux-gnu/libdl-2.13.so
00fb2000-00fb3000 rw-p 00002000 08:06 1311563    /lib/i386-linux-gnu/libdl-2.13.so
00fb3000-01679000 r-xp 00000000 08:06 4066016    /usr/lib/jvm/java-6-openjdk/jre/lib/i386/server/libjvm.so
01679000-0167a000 ---p 006c6000 08:06 4066016    /usr/lib/jvm/java-6-openjdk/jre/lib/i386/server/libjvm.so
0167a000-016bf000 r--p 006c6000 08:06 4066016    /usr/lib/jvm/java-6-openjdk/jre/lib/i386/server/libjvm.so
016bf000-016ce000 rw-p 0070b000 08:06 4066016    /usr/lib/jvm/java-6-openjdk/jre/lib/i386/server/libjvm.so
016ce000-01ae8000 rw-p 00000000 00:00 0 
08048000-08051000 r-xp 00000000 08:06 4325789    /usr/lib/jvm/java-6-openjdk/jre/bin/java
08051000-08052000 r--p 00008000 08:06 4325789    /usr/lib/jvm/java-6-openjdk/jre/bin/java
08052000-08053000 rw-p 00009000 08:06 4325789    /usr/lib/jvm/java-6-openjdk/jre/bin/java
083f1000-08463000 rw-p 00000000 00:00 0          [heap]
8c34d000-8c3b2000 r--s 004cb000 08:06 4609527    /home/wok/librarii/android-sdk-linux_x86/platforms/android-8/android.jar
8c3b2000-8c3b3000 ---p 00000000 00:00 0 
8c3b3000-8c433000 rw-p 00000000 00:00 0 
8c433000-8c434000 ---p 00000000 00:00 0 
8c434000-8c4bc000 rw-p 00000000 00:00 0 
8c4bc000-8c4f4000 rw-p 00000000 00:00 0 
8c4f4000-8c4fe000 rw-p 00000000 00:00 0 
8c4fe000-8c59f000 rw-p 00000000 00:00 0 
8c59f000-8c5a7000 rw-p 00000000 00:00 0 
8c5a7000-8c5df000 rw-p 00000000 00:00 0 
8c5df000-8c5e9000 rw-p 00000000 00:00 0 
8c5e9000-8c689000 rw-p 00000000 00:00 0 
8c689000-8c68f000 rw-p 00000000 00:00 0 
8c68f000-8c6df000 rw-p 00000000 00:00 0 
8c6df000-8d6e0000 rw-p 00000000 00:00 0 
8d6e0000-946e0000 rw-p 00000000 00:00 0 
946e0000-95a80000 rw-p 00000000 00:00 0 
95a80000-a9c40000 rw-p 00000000 00:00 0 
a9c40000-aa600000 rw-p 00000000 00:00 0 
aa600000-b46e0000 rw-p 00000000 00:00 0 
b46e9000-b46f2000 rw-p 00000000 00:00 0 
b46f2000-b47a9000 rw-p 00000000 00:00 0 
b47a9000-b49e9000 rwxp 00000000 00:00 0 
b49e9000-b77a9000 rw-p 00000000 00:00 0 
b77a9000-b77ac000 ---p 00000000 00:00 0 
b77ac000-b77fd000 rw-p 00000000 00:00 0 
b7807000-b780f000 rw-s 00000000 08:06 1704078    /tmp/hsperfdata_wok/5829
b780f000-b7810000 rw-p 00000000 00:00 0 
b7810000-b7811000 r--p 00000000 00:00 0 
b7811000-b7813000 rw-p 00000000 00:00 0 
bfafd000-bfb1e000 rw-p 00000000 00:00 0          [stack]

VM Arguments:
jvm_args: -Dfile.encoding=UTF-8 -Xbootclasspath:/home/wok/librarii/android-sdk-linux_x86/platforms/android-8/android.jar 
java_command: com.griddly.GPSLocationListener
Launcher Type: SUN_STANDARD

Environment Variables:
PATH=/usr/local/sbin:/usr/local/bin:/usr/sbin:/usr/bin:/sbin:/bin:/usr/games
USERNAME=wok
LD_LIBRARY_PATH=/usr/lib/jvm/java-6-openjdk/jre/lib/i386/server:/usr/lib/jvm/java-6-openjdk/jre/lib/i386:/usr/lib/jvm/java-6-openjdk/jre/../lib/i386:/usr/lib/jvm/java-6-openjdk/jre/lib/i386/client:/usr/lib/jvm/java-6-openjdk/jre/lib/i386:/usr/lib/xulrunner-addons:/usr/lib/xulrunner-addons
SHELL=/bin/bash
DISPLAY=:0.0

Signal Handlers:
SIGSEGV: [libjvm.so+0x656ef0], sa_mask[0]=0x7ffbfeff, sa_flags=0x10000004
SIGBUS: [libjvm.so+0x656ef0], sa_mask[0]=0x7ffbfeff, sa_flags=0x10000004
SIGFPE: [libjvm.so+0x51d410], sa_mask[0]=0x7ffbfeff, sa_flags=0x10000004
SIGPIPE: [libjvm.so+0x51d410], sa_mask[0]=0x7ffbfeff, sa_flags=0x10000004
SIGXFSZ: [libjvm.so+0x51d410], sa_mask[0]=0x7ffbfeff, sa_flags=0x10000004
SIGILL: [libjvm.so+0x51d410], sa_mask[0]=0x7ffbfeff, sa_flags=0x10000004
SIGUSR1: SIG_DFL, sa_mask[0]=0x00000000, sa_flags=0x00000000
SIGUSR2: [libjvm.so+0x51d280], sa_mask[0]=0x00000004, sa_flags=0x10000004
SIGHUP: SIG_DFL, sa_mask[0]=0x00000000, sa_flags=0x00000000
SIGINT: SIG_DFL, sa_mask[0]=0x00000000, sa_flags=0x00000000
SIGTERM: SIG_DFL, sa_mask[0]=0x00000000, sa_flags=0x00000000
SIGQUIT: SIG_DFL, sa_mask[0]=0x00000000, sa_flags=0x00000000


---------------  S Y S T E M  ---------------

OS:Ubuntu 11.04 (natty)
uname:Linux 2.6.38-8-generic #42-Ubuntu SMP Mon Apr 11 03:31:50 UTC 2011 i686
libc:glibc 2.13 NPTL 2.13 
rlimit: STACK 8192k, CORE 0k, NPROC infinity, NOFILE 4096, AS infinity
load average:0.53 0.40 0.34

/proc/meminfo:
MemTotal:        1924192 kB
MemFree:           81600 kB
Buffers:           10996 kB
Cached:           397524 kB
SwapCached:         3888 kB
Active:           863484 kB
Inactive:         900708 kB
Active(anon):     747284 kB
Inactive(anon):   776308 kB
Active(file):     116200 kB
Inactive(file):   124400 kB
Unevictable:          48 kB
Mlocked:              48 kB
HighTotal:       1049872 kB
HighFree:           7092 kB
LowTotal:         874320 kB
LowFree:           74508 kB
SwapTotal:       1956860 kB
SwapFree:        1890844 kB
Dirty:               940 kB
Writeback:             0 kB
AnonPages:       1352560 kB
Mapped:           156496 kB
Shmem:            167920 kB
Slab:              34252 kB
SReclaimable:      18036 kB
SUnreclaim:        16216 kB
KernelStack:        3648 kB
PageTables:         8260 kB
NFS_Unstable:          0 kB
Bounce:                0 kB
WritebackTmp:          0 kB
CommitLimit:     2918956 kB
Committed_AS:    4120732 kB
VmallocTotal:     122880 kB
VmallocUsed:       33724 kB
VmallocChunk:      83908 kB
HardwareCorrupted:     0 kB
HugePages_Total:       0
HugePages_Free:        0
HugePages_Rsvd:        0
HugePages_Surp:        0
Hugepagesize:       4096 kB
DirectMap4k:       16376 kB
DirectMap4M:      892928 kB


CPU:total 2 (2 cores per cpu, 1 threads per core) family 6 model 23 stepping 10, cmov, cx8, fxsr, mmx, sse, sse2, sse3, ssse3

Memory: 4k page, physical 1924192k(81600k free), swap 1956860k(1890844k free)

vm_info: OpenJDK Server VM (20.0-b11) for linux-x86 JRE (1.6.0_22-b22), built on Jun 11 2011 05:56:20 by "buildd" with gcc 4.5.2

time: Sat Jul  2 20:38:51 2011
elapsed time: 0 seconds

