#
# A fatal error has been detected by the Java Runtime Environment:
#
#  Internal Error (classFileParser.cpp:3494), pid=6466, tid=3078912880
#  Error: ShouldNotReachHere()
#
# JRE version: 6.0_22-b22
# Java VM: OpenJDK Server VM (20.0-b11 mixed mode linux-x86 )
# Derivative: IcedTea6 1.10.2
# Distribution: Ubuntu 11.04, package 6b22-1.10.2-0ubuntu1~11.04.1
# If you would like to submit a bug report, please include
# instructions how to reproduce the bug and visit:
#   https://bugs.launchpad.net/ubuntu/+source/openjdk-6/
#

---------------  T H R E A D  ---------------

Current thread (0x09755800):  JavaThread "Unknown thread" [_thread_in_vm, id=6471, stack(0xb77f7000,0xb7848000)]

Stack: [0xb77f7000,0xb7848000],  sp=0xb7846840,  free space=318k
Native frames: (J=compiled Java code, j=interpreted, Vv=VM code, C=native code)
V  [libjvm.so+0x65618f]  VMError::report(outputStream*)+0x145f
V  [libjvm.so+0x656472]  VMError::report_and_die()+0x192
V  [libjvm.so+0x29b3fe]  report_vm_error(char const*, int, char const*, char const*)+0x3e
V  [libjvm.so+0x29b529]  report_should_not_reach_here(char const*, int)+0x29
V  [libjvm.so+0x235508]  ClassFileParser::parseClassFile(symbolHandle, Handle, Handle, KlassHandle, GrowableArray<Handle>*, symbolHandle&, bool, Thread*)+0x2278
V  [libjvm.so+0x23941b]  ClassLoader::load_classfile(symbolHandle, Thread*)+0x20b
V  [libjvm.so+0x5eac0d]  SystemDictionary::load_instance_class(symbolHandle, Handle, Thread*)+0x48d
V  [libjvm.so+0x5e941d]  SystemDictionary::resolve_instance_class_or_null(symbolHandle, Handle, Handle, Thread*)+0x70d
V  [libjvm.so+0x5e9c44]  SystemDictionary::resolve_or_null(symbolHandle, Handle, Handle, Thread*)+0x44
V  [libjvm.so+0x5eb210]  SystemDictionary::resolve_or_fail(symbolHandle, Handle, Handle, bool, Thread*)+0x30
V  [libjvm.so+0x5eb2da]  SystemDictionary::resolve_or_fail(symbolHandle, bool, Thread*)+0x2a
V  [libjvm.so+0x5eb36d]  SystemDictionary::initialize_wk_klass(SystemDictionary::WKID, int, Thread*)+0x8d
V  [libjvm.so+0x5eb3c5]  SystemDictionary::initialize_wk_klasses_until(SystemDictionary::WKID, SystemDictionary::WKID&, Thread*)+0x55
V  [libjvm.so+0x5eed05]  SystemDictionary::initialize_wk_klasses_through(SystemDictionary::WKID, SystemDictionary::WKID&, Thread*)+0x25
V  [libjvm.so+0x5eb493]  SystemDictionary::initialize_preloaded_classes(Thread*)+0x73
V  [libjvm.so+0x5eb7b1]  SystemDictionary::initialize(Thread*)+0x131
V  [libjvm.so+0x62dea7]  Universe::genesis(Thread*)+0x117
V  [libjvm.so+0x62e7cc]  universe2_init()+0x2c
V  [libjvm.so+0x358368]  init_globals()+0x98
V  [libjvm.so+0x6188ac]  Threads::create_vm(JavaVMInitArgs*, bool*)+0x1bc
V  [libjvm.so+0x3a6d0c]  JNI_CreateJavaVM+0x5c
C  [java+0x1788]  JavaMain+0x88
C  [libpthread.so.0+0x5e99]  start_thread+0xd9


---------------  P R O C E S S  ---------------

Java Threads: ( => current thread )

Other Threads:

=>0x09755800 (exited) JavaThread "Unknown thread" [_thread_in_vm, id=6471, stack(0xb77f7000,0xb7848000)]

VM state:not at safepoint (not fully initialized)

VM Mutex/Monitor currently owned by a thread: None

Dynamic libraries:
00110000-0026a000 r-xp 00000000 08:06 1311553    /lib/i386-linux-gnu/libc-2.13.so
0026a000-0026b000 ---p 0015a000 08:06 1311553    /lib/i386-linux-gnu/libc-2.13.so
0026b000-0026d000 r--p 0015a000 08:06 1311553    /lib/i386-linux-gnu/libc-2.13.so
0026d000-0026e000 rw-p 0015c000 08:06 1311553    /lib/i386-linux-gnu/libc-2.13.so
0026e000-00271000 rw-p 00000000 00:00 0 
00271000-0027c000 r-xp 00000000 08:06 3678802    /usr/lib/jvm/java-6-openjdk/jre/lib/i386/libverify.so
0027c000-0027d000 ---p 0000b000 08:06 3678802    /usr/lib/jvm/java-6-openjdk/jre/lib/i386/libverify.so
0027d000-0027e000 r--p 0000b000 08:06 3678802    /usr/lib/jvm/java-6-openjdk/jre/lib/i386/libverify.so
0027e000-0027f000 rw-p 0000c000 08:06 3678802    /usr/lib/jvm/java-6-openjdk/jre/lib/i386/libverify.so
0027f000-002a2000 r-xp 00000000 08:06 3674918    /usr/lib/jvm/java-6-openjdk/jre/lib/i386/libjava.so
002a2000-002a3000 r--p 00022000 08:06 3674918    /usr/lib/jvm/java-6-openjdk/jre/lib/i386/libjava.so
002a3000-002a5000 rw-p 00023000 08:06 3674918    /usr/lib/jvm/java-6-openjdk/jre/lib/i386/libjava.so
002a5000-002a7000 r-xp 00000000 08:06 3674915    /usr/lib/jvm/java-6-openjdk/jre/lib/i386/libnpt.so
002a7000-002a8000 r--p 00002000 08:06 3674915    /usr/lib/jvm/java-6-openjdk/jre/lib/i386/libnpt.so
002a8000-002a9000 rw-p 00003000 08:06 3674915    /usr/lib/jvm/java-6-openjdk/jre/lib/i386/libnpt.so
002a9000-002b2000 r-xp 00000000 08:06 1311603    /lib/i386-linux-gnu/libnss_nis-2.13.so
002b2000-002b3000 r--p 00008000 08:06 1311603    /lib/i386-linux-gnu/libnss_nis-2.13.so
002b3000-002b4000 rw-p 00009000 08:06 1311603    /lib/i386-linux-gnu/libnss_nis-2.13.so
002b4000-002ba000 r-xp 00000000 08:06 3674926    /usr/lib/jvm/java-6-openjdk/jre/lib/i386/libzip.so
002ba000-002bb000 r--p 00005000 08:06 3674926    /usr/lib/jvm/java-6-openjdk/jre/lib/i386/libzip.so
002bb000-002bc000 rw-p 00006000 08:06 3674926    /usr/lib/jvm/java-6-openjdk/jre/lib/i386/libzip.so
00332000-00411000 r-xp 00000000 08:06 3414376    /usr/lib/i386-linux-gnu/libstdc++.so.6.0.14
00411000-00415000 r--p 000de000 08:06 3414376    /usr/lib/i386-linux-gnu/libstdc++.so.6.0.14
00415000-00416000 rw-p 000e2000 08:06 3414376    /usr/lib/i386-linux-gnu/libstdc++.so.6.0.14
00416000-0041d000 rw-p 00000000 00:00 0 
004df000-004e9000 r-xp 00000000 08:06 1311599    /lib/i386-linux-gnu/libnss_files-2.13.so
004e9000-004ea000 r--p 00009000 08:06 1311599    /lib/i386-linux-gnu/libnss_files-2.13.so
004ea000-004eb000 rw-p 0000a000 08:06 1311599    /lib/i386-linux-gnu/libnss_files-2.13.so
00511000-00518000 r-xp 00000000 08:06 1311622    /lib/i386-linux-gnu/librt-2.13.so
00518000-00519000 r--p 00006000 08:06 1311622    /lib/i386-linux-gnu/librt-2.13.so
00519000-0051a000 rw-p 00007000 08:06 1311622    /lib/i386-linux-gnu/librt-2.13.so
0066e000-00671000 r-xp 00000000 08:06 3933536    /usr/lib/jvm/java-6-openjdk/jre/lib/i386/jli/libjli.so
00671000-00672000 r--p 00002000 08:06 3933536    /usr/lib/jvm/java-6-openjdk/jre/lib/i386/jli/libjli.so
00672000-00673000 rw-p 00003000 08:06 3933536    /usr/lib/jvm/java-6-openjdk/jre/lib/i386/jli/libjli.so
006a2000-006a8000 r-xp 00000000 08:06 1311595    /lib/i386-linux-gnu/libnss_compat-2.13.so
006a8000-006a9000 r--p 00005000 08:06 1311595    /lib/i386-linux-gnu/libnss_compat-2.13.so
006a9000-006aa000 rw-p 00006000 08:06 1311595    /lib/i386-linux-gnu/libnss_compat-2.13.so
006e4000-00708000 r-xp 00000000 08:06 1311590    /lib/i386-linux-gnu/libm-2.13.so
00708000-00709000 r--p 00023000 08:06 1311590    /lib/i386-linux-gnu/libm-2.13.so
00709000-0070a000 rw-p 00024000 08:06 1311590    /lib/i386-linux-gnu/libm-2.13.so
00944000-00959000 r-xp 00000000 08:06 1311618    /lib/i386-linux-gnu/libpthread-2.13.so
00959000-0095a000 r--p 00015000 08:06 1311618    /lib/i386-linux-gnu/libpthread-2.13.so
0095a000-0095b000 rw-p 00016000 08:06 1311618    /lib/i386-linux-gnu/libpthread-2.13.so
0095b000-0095d000 rw-p 00000000 00:00 0 
0099b000-009b5000 r-xp 00000000 08:06 1311581    /lib/i386-linux-gnu/libgcc_s.so.1
009b5000-009b6000 r--p 00019000 08:06 1311581    /lib/i386-linux-gnu/libgcc_s.so.1
009b6000-009b7000 rw-p 0001a000 08:06 1311581    /lib/i386-linux-gnu/libgcc_s.so.1
009d3000-009e6000 r-xp 00000000 08:06 1311636    /lib/i386-linux-gnu/libz.so.1.2.3.4
009e6000-009e7000 r--p 00012000 08:06 1311636    /lib/i386-linux-gnu/libz.so.1.2.3.4
009e7000-009e8000 rw-p 00013000 08:06 1311636    /lib/i386-linux-gnu/libz.so.1.2.3.4
00a20000-00a56000 r-xp 00000000 08:06 3678815    /usr/lib/jvm/java-6-openjdk/jre/lib/i386/libjdwp.so
00a56000-00a57000 r--p 00035000 08:06 3678815    /usr/lib/jvm/java-6-openjdk/jre/lib/i386/libjdwp.so
00a57000-00a58000 rw-p 00036000 08:06 3678815    /usr/lib/jvm/java-6-openjdk/jre/lib/i386/libjdwp.so
00bab000-00bbe000 r-xp 00000000 08:06 1311593    /lib/i386-linux-gnu/libnsl-2.13.so
00bbe000-00bbf000 r--p 00012000 08:06 1311593    /lib/i386-linux-gnu/libnsl-2.13.so
00bbf000-00bc0000 rw-p 00013000 08:06 1311593    /lib/i386-linux-gnu/libnsl-2.13.so
00bc0000-00bc2000 rw-p 00000000 00:00 0 
00cdb000-00cdc000 r-xp 00000000 00:00 0          [vdso]
00dfa000-00dfc000 r-xp 00000000 08:06 1311563    /lib/i386-linux-gnu/libdl-2.13.so
00dfc000-00dfd000 r--p 00001000 08:06 1311563    /lib/i386-linux-gnu/libdl-2.13.so
00dfd000-00dfe000 rw-p 00002000 08:06 1311563    /lib/i386-linux-gnu/libdl-2.13.so
00e6d000-00e89000 r-xp 00000000 08:06 1311540    /lib/i386-linux-gnu/ld-2.13.so
00e89000-00e8a000 r--p 0001b000 08:06 1311540    /lib/i386-linux-gnu/ld-2.13.so
00e8a000-00e8b000 rw-p 0001c000 08:06 1311540    /lib/i386-linux-gnu/ld-2.13.so
00e8b000-01551000 r-xp 00000000 08:06 4066016    /usr/lib/jvm/java-6-openjdk/jre/lib/i386/server/libjvm.so
01551000-01552000 ---p 006c6000 08:06 4066016    /usr/lib/jvm/java-6-openjdk/jre/lib/i386/server/libjvm.so
01552000-01597000 r--p 006c6000 08:06 4066016    /usr/lib/jvm/java-6-openjdk/jre/lib/i386/server/libjvm.so
01597000-015a6000 rw-p 0070b000 08:06 4066016    /usr/lib/jvm/java-6-openjdk/jre/lib/i386/server/libjvm.so
015a6000-019c0000 rw-p 00000000 00:00 0 
08048000-08051000 r-xp 00000000 08:06 4325789    /usr/lib/jvm/java-6-openjdk/jre/bin/java
08051000-08052000 r--p 00008000 08:06 4325789    /usr/lib/jvm/java-6-openjdk/jre/bin/java
08052000-08053000 rw-p 00009000 08:06 4325789    /usr/lib/jvm/java-6-openjdk/jre/bin/java
0974d000-097c1000 rw-p 00000000 00:00 0          [heap]
8c19d000-8c202000 r--s 004cb000 08:06 4609527    /home/wok/librarii/android-sdk-linux_x86/platforms/android-8/android.jar
8c202000-8c203000 ---p 00000000 00:00 0 
8c203000-8c283000 rw-p 00000000 00:00 0 
8c283000-8c284000 ---p 00000000 00:00 0 
8c284000-8c30c000 rw-p 00000000 00:00 0 
8c30c000-8c344000 rw-p 00000000 00:00 0 
8c344000-8c34e000 rw-p 00000000 00:00 0 
8c34e000-8c3ef000 rw-p 00000000 00:00 0 
8c3ef000-8c3f7000 rw-p 00000000 00:00 0 
8c3f7000-8c42f000 rw-p 00000000 00:00 0 
8c42f000-8c439000 rw-p 00000000 00:00 0 
8c439000-8c4d9000 rw-p 00000000 00:00 0 
8c4d9000-8c4df000 rw-p 00000000 00:00 0 
8c4df000-8c52f000 rw-p 00000000 00:00 0 
8c52f000-8d530000 rw-p 00000000 00:00 0 
8d530000-94530000 rw-p 00000000 00:00 0 
94530000-958d0000 rw-p 00000000 00:00 0 
958d0000-a9a90000 rw-p 00000000 00:00 0 
a9a90000-aa450000 rw-p 00000000 00:00 0 
aa450000-b4530000 rw-p 00000000 00:00 0 
b4537000-b4540000 rw-p 00000000 00:00 0 
b4540000-b45f7000 rw-p 00000000 00:00 0 
b45f7000-b4837000 rwxp 00000000 00:00 0 
b4837000-b75f7000 rw-p 00000000 00:00 0 
b75f7000-b77f7000 r--p 00000000 08:06 3415631    /usr/lib/locale/locale-archive
b77f7000-b77fa000 ---p 00000000 00:00 0 
b77fa000-b784b000 rw-p 00000000 00:00 0 
b7854000-b785c000 rw-s 00000000 08:06 1704086    /tmp/hsperfdata_wok/6466
b785c000-b785d000 r--p 002a1000 08:06 3415631    /usr/lib/locale/locale-archive
b785d000-b785e000 rw-p 00000000 00:00 0 
b785e000-b785f000 r--p 00000000 00:00 0 
b785f000-b7861000 rw-p 00000000 00:00 0 
bf9e6000-bfa07000 rw-p 00000000 00:00 0          [stack]

VM Arguments:
jvm_args: -agentlib:jdwp=transport=dt_socket,suspend=y,address=localhost:59639 -Dfile.encoding=UTF-8 -Xbootclasspath:/home/wok/librarii/android-sdk-linux_x86/platforms/android-8/android.jar 
java_command: com.griddly.GPSLocationListener
Launcher Type: SUN_STANDARD

Environment Variables:
PATH=/usr/local/sbin:/usr/local/bin:/usr/sbin:/usr/bin:/sbin:/bin:/usr/games
USERNAME=wok
LD_LIBRARY_PATH=/usr/lib/jvm/java-6-openjdk/jre/lib/i386/server:/usr/lib/jvm/java-6-openjdk/jre/lib/i386:/usr/lib/jvm/java-6-openjdk/jre/../lib/i386:/usr/lib/jvm/java-6-openjdk/jre/lib/i386/client:/usr/lib/jvm/java-6-openjdk/jre/lib/i386:/usr/lib/xulrunner-addons:/usr/lib/xulrunner-addons
SHELL=/bin/bash
DISPLAY=:0.0

Signal Handlers:
SIGSEGV: [libjvm.so+0x656ef0], sa_mask[0]=0x7ffbfeff, sa_flags=0x10000004
SIGBUS: [libjvm.so+0x656ef0], sa_mask[0]=0x7ffbfeff, sa_flags=0x10000004
SIGFPE: [libjvm.so+0x51d410], sa_mask[0]=0x7ffbfeff, sa_flags=0x10000004
SIGPIPE: [libjvm.so+0x51d410], sa_mask[0]=0x7ffbfeff, sa_flags=0x10000004
SIGXFSZ: [libjvm.so+0x51d410], sa_mask[0]=0x7ffbfeff, sa_flags=0x10000004
SIGILL: [libjvm.so+0x51d410], sa_mask[0]=0x7ffbfeff, sa_flags=0x10000004
SIGUSR1: SIG_DFL, sa_mask[0]=0x00000000, sa_flags=0x00000000
SIGUSR2: [libjvm.so+0x51d280], sa_mask[0]=0x00000004, sa_flags=0x10000004
SIGHUP: SIG_DFL, sa_mask[0]=0x00000000, sa_flags=0x00000000
SIGINT: SIG_DFL, sa_mask[0]=0x00000000, sa_flags=0x00000000
SIGTERM: SIG_DFL, sa_mask[0]=0x00000000, sa_flags=0x00000000
SIGQUIT: SIG_DFL, sa_mask[0]=0x00000000, sa_flags=0x00000000


---------------  S Y S T E M  ---------------

OS:Ubuntu 11.04 (natty)
uname:Linux 2.6.38-8-generic #42-Ubuntu SMP Mon Apr 11 03:31:50 UTC 2011 i686
libc:glibc 2.13 NPTL 2.13 
rlimit: STACK 8192k, CORE 0k, NPROC infinity, NOFILE 4096, AS infinity
load average:0.57 0.50 0.43

/proc/meminfo:
MemTotal:        1924192 kB
MemFree:           71660 kB
Buffers:           18012 kB
Cached:           373280 kB
SwapCached:         4308 kB
Active:           879872 kB
Inactive:         894296 kB
Active(anon):     767552 kB
Inactive(anon):   799556 kB
Active(file):     112320 kB
Inactive(file):    94740 kB
Unevictable:          48 kB
Mlocked:              48 kB
HighTotal:       1049872 kB
HighFree:           2372 kB
LowTotal:         874320 kB
LowFree:           69288 kB
SwapTotal:       1956860 kB
SwapFree:        1863208 kB
Dirty:               600 kB
Writeback:             0 kB
AnonPages:       1379424 kB
Mapped:           149332 kB
Shmem:            184148 kB
Slab:              33660 kB
SReclaimable:      16580 kB
SUnreclaim:        17080 kB
KernelStack:        3648 kB
PageTables:         8340 kB
NFS_Unstable:          0 kB
Bounce:                0 kB
WritebackTmp:          0 kB
CommitLimit:     2918956 kB
Committed_AS:    4176248 kB
VmallocTotal:     122880 kB
VmallocUsed:       33724 kB
VmallocChunk:      83908 kB
HardwareCorrupted:     0 kB
HugePages_Total:       0
HugePages_Free:        0
HugePages_Rsvd:        0
HugePages_Surp:        0
Hugepagesize:       4096 kB
DirectMap4k:       16376 kB
DirectMap4M:      892928 kB


CPU:total 2 (2 cores per cpu, 1 threads per core) family 6 model 23 stepping 10, cmov, cx8, fxsr, mmx, sse, sse2, sse3, ssse3

Memory: 4k page, physical 1924192k(71660k free), swap 1956860k(1863208k free)

vm_info: OpenJDK Server VM (20.0-b11) for linux-x86 JRE (1.6.0_22-b22), built on Jun 11 2011 05:56:20 by "buildd" with gcc 4.5.2

time: Sat Jul  2 20:53:22 2011
elapsed time: 0 seconds

