#
# A fatal error has been detected by the Java Runtime Environment:
#
#  Internal Error (classFileParser.cpp:3494), pid=6087, tid=3079514992
#  Error: ShouldNotReachHere()
#
# JRE version: 6.0_22-b22
# Java VM: OpenJDK Server VM (20.0-b11 mixed mode linux-x86 )
# Derivative: IcedTea6 1.10.2
# Distribution: Ubuntu 11.04, package 6b22-1.10.2-0ubuntu1~11.04.1
# If you would like to submit a bug report, please include
# instructions how to reproduce the bug and visit:
#   https://bugs.launchpad.net/ubuntu/+source/openjdk-6/
#

---------------  T H R E A D  ---------------

Current thread (0x093c5000):  JavaThread "Unknown thread" [_thread_in_vm, id=6092, stack(0xb788a000,0xb78db000)]

Stack: [0xb788a000,0xb78db000],  sp=0xb78d9840,  free space=318k
Native frames: (J=compiled Java code, j=interpreted, Vv=VM code, C=native code)
V  [libjvm.so+0x65618f]  VMError::report(outputStream*)+0x145f
V  [libjvm.so+0x656472]  VMError::report_and_die()+0x192
V  [libjvm.so+0x29b3fe]  report_vm_error(char const*, int, char const*, char const*)+0x3e
V  [libjvm.so+0x29b529]  report_should_not_reach_here(char const*, int)+0x29
V  [libjvm.so+0x235508]  ClassFileParser::parseClassFile(symbolHandle, Handle, Handle, KlassHandle, GrowableArray<Handle>*, symbolHandle&, bool, Thread*)+0x2278
V  [libjvm.so+0x23941b]  ClassLoader::load_classfile(symbolHandle, Thread*)+0x20b
V  [libjvm.so+0x5eac0d]  SystemDictionary::load_instance_class(symbolHandle, Handle, Thread*)+0x48d
V  [libjvm.so+0x5e941d]  SystemDictionary::resolve_instance_class_or_null(symbolHandle, Handle, Handle, Thread*)+0x70d
V  [libjvm.so+0x5e9c44]  SystemDictionary::resolve_or_null(symbolHandle, Handle, Handle, Thread*)+0x44
V  [libjvm.so+0x5eb210]  SystemDictionary::resolve_or_fail(symbolHandle, Handle, Handle, bool, Thread*)+0x30
V  [libjvm.so+0x5eb2da]  SystemDictionary::resolve_or_fail(symbolHandle, bool, Thread*)+0x2a
V  [libjvm.so+0x5eb36d]  SystemDictionary::initialize_wk_klass(SystemDictionary::WKID, int, Thread*)+0x8d
V  [libjvm.so+0x5eb3c5]  SystemDictionary::initialize_wk_klasses_until(SystemDictionary::WKID, SystemDictionary::WKID&, Thread*)+0x55
V  [libjvm.so+0x5eed05]  SystemDictionary::initialize_wk_klasses_through(SystemDictionary::WKID, SystemDictionary::WKID&, Thread*)+0x25
V  [libjvm.so+0x5eb493]  SystemDictionary::initialize_preloaded_classes(Thread*)+0x73
V  [libjvm.so+0x5eb7b1]  SystemDictionary::initialize(Thread*)+0x131
V  [libjvm.so+0x62dea7]  Universe::genesis(Thread*)+0x117
V  [libjvm.so+0x62e7cc]  universe2_init()+0x2c
V  [libjvm.so+0x358368]  init_globals()+0x98
V  [libjvm.so+0x6188ac]  Threads::create_vm(JavaVMInitArgs*, bool*)+0x1bc
V  [libjvm.so+0x3a6d0c]  JNI_CreateJavaVM+0x5c
C  [java+0x1788]  JavaMain+0x88
C  [libpthread.so.0+0x5e99]  start_thread+0xd9


---------------  P R O C E S S  ---------------

Java Threads: ( => current thread )

Other Threads:

=>0x093c5000 (exited) JavaThread "Unknown thread" [_thread_in_vm, id=6092, stack(0xb788a000,0xb78db000)]

VM state:not at safepoint (not fully initialized)

VM Mutex/Monitor currently owned by a thread: None

Dynamic libraries:
00110000-001ef000 r-xp 00000000 08:06 3414376    /usr/lib/i386-linux-gnu/libstdc++.so.6.0.14
001ef000-001f3000 r--p 000de000 08:06 3414376    /usr/lib/i386-linux-gnu/libstdc++.so.6.0.14
001f3000-001f4000 rw-p 000e2000 08:06 3414376    /usr/lib/i386-linux-gnu/libstdc++.so.6.0.14
001f4000-001fb000 rw-p 00000000 00:00 0 
001fb000-0021f000 r-xp 00000000 08:06 1311590    /lib/i386-linux-gnu/libm-2.13.so
0021f000-00220000 r--p 00023000 08:06 1311590    /lib/i386-linux-gnu/libm-2.13.so
00220000-00221000 rw-p 00024000 08:06 1311590    /lib/i386-linux-gnu/libm-2.13.so
00221000-00244000 r-xp 00000000 08:06 3674918    /usr/lib/jvm/java-6-openjdk/jre/lib/i386/libjava.so
00244000-00245000 r--p 00022000 08:06 3674918    /usr/lib/jvm/java-6-openjdk/jre/lib/i386/libjava.so
00245000-00247000 rw-p 00023000 08:06 3674918    /usr/lib/jvm/java-6-openjdk/jre/lib/i386/libjava.so
00247000-00250000 r-xp 00000000 08:06 1311603    /lib/i386-linux-gnu/libnss_nis-2.13.so
00250000-00251000 r--p 00008000 08:06 1311603    /lib/i386-linux-gnu/libnss_nis-2.13.so
00251000-00252000 rw-p 00009000 08:06 1311603    /lib/i386-linux-gnu/libnss_nis-2.13.so
00252000-0025c000 r-xp 00000000 08:06 1311599    /lib/i386-linux-gnu/libnss_files-2.13.so
0025c000-0025d000 r--p 00009000 08:06 1311599    /lib/i386-linux-gnu/libnss_files-2.13.so
0025d000-0025e000 rw-p 0000a000 08:06 1311599    /lib/i386-linux-gnu/libnss_files-2.13.so
00294000-002ae000 r-xp 00000000 08:06 1311581    /lib/i386-linux-gnu/libgcc_s.so.1
002ae000-002af000 r--p 00019000 08:06 1311581    /lib/i386-linux-gnu/libgcc_s.so.1
002af000-002b0000 rw-p 0001a000 08:06 1311581    /lib/i386-linux-gnu/libgcc_s.so.1
00329000-0033c000 r-xp 00000000 08:06 1311636    /lib/i386-linux-gnu/libz.so.1.2.3.4
0033c000-0033d000 r--p 00012000 08:06 1311636    /lib/i386-linux-gnu/libz.so.1.2.3.4
0033d000-0033e000 rw-p 00013000 08:06 1311636    /lib/i386-linux-gnu/libz.so.1.2.3.4
007a7000-007aa000 r-xp 00000000 08:06 3933536    /usr/lib/jvm/java-6-openjdk/jre/lib/i386/jli/libjli.so
007aa000-007ab000 r--p 00002000 08:06 3933536    /usr/lib/jvm/java-6-openjdk/jre/lib/i386/jli/libjli.so
007ab000-007ac000 rw-p 00003000 08:06 3933536    /usr/lib/jvm/java-6-openjdk/jre/lib/i386/jli/libjli.so
007b6000-007bd000 r-xp 00000000 08:06 1311622    /lib/i386-linux-gnu/librt-2.13.so
007bd000-007be000 r--p 00006000 08:06 1311622    /lib/i386-linux-gnu/librt-2.13.so
007be000-007bf000 rw-p 00007000 08:06 1311622    /lib/i386-linux-gnu/librt-2.13.so
00832000-00847000 r-xp 00000000 08:06 1311618    /lib/i386-linux-gnu/libpthread-2.13.so
00847000-00848000 r--p 00015000 08:06 1311618    /lib/i386-linux-gnu/libpthread-2.13.so
00848000-00849000 rw-p 00016000 08:06 1311618    /lib/i386-linux-gnu/libpthread-2.13.so
00849000-0084b000 rw-p 00000000 00:00 0 
0089d000-009f7000 r-xp 00000000 08:06 1311553    /lib/i386-linux-gnu/libc-2.13.so
009f7000-009f8000 ---p 0015a000 08:06 1311553    /lib/i386-linux-gnu/libc-2.13.so
009f8000-009fa000 r--p 0015a000 08:06 1311553    /lib/i386-linux-gnu/libc-2.13.so
009fa000-009fb000 rw-p 0015c000 08:06 1311553    /lib/i386-linux-gnu/libc-2.13.so
009fb000-009fe000 rw-p 00000000 00:00 0 
00a10000-00a11000 r-xp 00000000 00:00 0          [vdso]
00a4d000-00a53000 r-xp 00000000 08:06 1311595    /lib/i386-linux-gnu/libnss_compat-2.13.so
00a53000-00a54000 r--p 00005000 08:06 1311595    /lib/i386-linux-gnu/libnss_compat-2.13.so
00a54000-00a55000 rw-p 00006000 08:06 1311595    /lib/i386-linux-gnu/libnss_compat-2.13.so
00bb9000-00bbf000 r-xp 00000000 08:06 3674926    /usr/lib/jvm/java-6-openjdk/jre/lib/i386/libzip.so
00bbf000-00bc0000 r--p 00005000 08:06 3674926    /usr/lib/jvm/java-6-openjdk/jre/lib/i386/libzip.so
00bc0000-00bc1000 rw-p 00006000 08:06 3674926    /usr/lib/jvm/java-6-openjdk/jre/lib/i386/libzip.so
00c00000-00c13000 r-xp 00000000 08:06 1311593    /lib/i386-linux-gnu/libnsl-2.13.so
00c13000-00c14000 r--p 00012000 08:06 1311593    /lib/i386-linux-gnu/libnsl-2.13.so
00c14000-00c15000 rw-p 00013000 08:06 1311593    /lib/i386-linux-gnu/libnsl-2.13.so
00c15000-00c17000 rw-p 00000000 00:00 0 
00ca4000-00caf000 r-xp 00000000 08:06 3678802    /usr/lib/jvm/java-6-openjdk/jre/lib/i386/libverify.so
00caf000-00cb0000 ---p 0000b000 08:06 3678802    /usr/lib/jvm/java-6-openjdk/jre/lib/i386/libverify.so
00cb0000-00cb1000 r--p 0000b000 08:06 3678802    /usr/lib/jvm/java-6-openjdk/jre/lib/i386/libverify.so
00cb1000-00cb2000 rw-p 0000c000 08:06 3678802    /usr/lib/jvm/java-6-openjdk/jre/lib/i386/libverify.so
00d7b000-00d97000 r-xp 00000000 08:06 1311540    /lib/i386-linux-gnu/ld-2.13.so
00d97000-00d98000 r--p 0001b000 08:06 1311540    /lib/i386-linux-gnu/ld-2.13.so
00d98000-00d99000 rw-p 0001c000 08:06 1311540    /lib/i386-linux-gnu/ld-2.13.so
00e30000-00e32000 r-xp 00000000 08:06 1311563    /lib/i386-linux-gnu/libdl-2.13.so
00e32000-00e33000 r--p 00001000 08:06 1311563    /lib/i386-linux-gnu/libdl-2.13.so
00e33000-00e34000 rw-p 00002000 08:06 1311563    /lib/i386-linux-gnu/libdl-2.13.so
00e34000-014fa000 r-xp 00000000 08:06 4066016    /usr/lib/jvm/java-6-openjdk/jre/lib/i386/server/libjvm.so
014fa000-014fb000 ---p 006c6000 08:06 4066016    /usr/lib/jvm/java-6-openjdk/jre/lib/i386/server/libjvm.so
014fb000-01540000 r--p 006c6000 08:06 4066016    /usr/lib/jvm/java-6-openjdk/jre/lib/i386/server/libjvm.so
01540000-0154f000 rw-p 0070b000 08:06 4066016    /usr/lib/jvm/java-6-openjdk/jre/lib/i386/server/libjvm.so
0154f000-01969000 rw-p 00000000 00:00 0 
08048000-08051000 r-xp 00000000 08:06 4325789    /usr/lib/jvm/java-6-openjdk/jre/bin/java
08051000-08052000 r--p 00008000 08:06 4325789    /usr/lib/jvm/java-6-openjdk/jre/bin/java
08052000-08053000 rw-p 00009000 08:06 4325789    /usr/lib/jvm/java-6-openjdk/jre/bin/java
093be000-09430000 rw-p 00000000 00:00 0          [heap]
8c42d000-8c492000 r--s 004cb000 08:06 4609527    /home/wok/librarii/android-sdk-linux_x86/platforms/android-8/android.jar
8c492000-8c493000 ---p 00000000 00:00 0 
8c493000-8c513000 rw-p 00000000 00:00 0 
8c513000-8c514000 ---p 00000000 00:00 0 
8c514000-8c59c000 rw-p 00000000 00:00 0 
8c59c000-8c5d4000 rw-p 00000000 00:00 0 
8c5d4000-8c5de000 rw-p 00000000 00:00 0 
8c5de000-8c67f000 rw-p 00000000 00:00 0 
8c67f000-8c687000 rw-p 00000000 00:00 0 
8c687000-8c6bf000 rw-p 00000000 00:00 0 
8c6bf000-8c6c9000 rw-p 00000000 00:00 0 
8c6c9000-8c769000 rw-p 00000000 00:00 0 
8c769000-8c76f000 rw-p 00000000 00:00 0 
8c76f000-8c7bf000 rw-p 00000000 00:00 0 
8c7bf000-8d7c0000 rw-p 00000000 00:00 0 
8d7c0000-947c0000 rw-p 00000000 00:00 0 
947c0000-95b60000 rw-p 00000000 00:00 0 
95b60000-a9d20000 rw-p 00000000 00:00 0 
a9d20000-aa6e0000 rw-p 00000000 00:00 0 
aa6e0000-b47c0000 rw-p 00000000 00:00 0 
b47ca000-b47d3000 rw-p 00000000 00:00 0 
b47d3000-b488a000 rw-p 00000000 00:00 0 
b488a000-b4aca000 rwxp 00000000 00:00 0 
b4aca000-b788a000 rw-p 00000000 00:00 0 
b788a000-b788d000 ---p 00000000 00:00 0 
b788d000-b78de000 rw-p 00000000 00:00 0 
b78e8000-b78f0000 rw-s 00000000 08:06 1704082    /tmp/hsperfdata_wok/6087
b78f0000-b78f1000 rw-p 00000000 00:00 0 
b78f1000-b78f2000 r--p 00000000 00:00 0 
b78f2000-b78f4000 rw-p 00000000 00:00 0 
bfdfc000-bfe1d000 rw-p 00000000 00:00 0          [stack]

VM Arguments:
jvm_args: -Dfile.encoding=UTF-8 -Xbootclasspath:/home/wok/librarii/android-sdk-linux_x86/platforms/android-8/android.jar 
java_command: TestFsq
Launcher Type: SUN_STANDARD

Environment Variables:
PATH=/usr/local/sbin:/usr/local/bin:/usr/sbin:/usr/bin:/sbin:/bin:/usr/games
USERNAME=wok
LD_LIBRARY_PATH=/usr/lib/jvm/java-6-openjdk/jre/lib/i386/server:/usr/lib/jvm/java-6-openjdk/jre/lib/i386:/usr/lib/jvm/java-6-openjdk/jre/../lib/i386:/usr/lib/jvm/java-6-openjdk/jre/lib/i386/client:/usr/lib/jvm/java-6-openjdk/jre/lib/i386:/usr/lib/xulrunner-addons:/usr/lib/xulrunner-addons
SHELL=/bin/bash
DISPLAY=:0.0

Signal Handlers:
SIGSEGV: [libjvm.so+0x656ef0], sa_mask[0]=0x7ffbfeff, sa_flags=0x10000004
SIGBUS: [libjvm.so+0x656ef0], sa_mask[0]=0x7ffbfeff, sa_flags=0x10000004
SIGFPE: [libjvm.so+0x51d410], sa_mask[0]=0x7ffbfeff, sa_flags=0x10000004
SIGPIPE: [libjvm.so+0x51d410], sa_mask[0]=0x7ffbfeff, sa_flags=0x10000004
SIGXFSZ: [libjvm.so+0x51d410], sa_mask[0]=0x7ffbfeff, sa_flags=0x10000004
SIGILL: [libjvm.so+0x51d410], sa_mask[0]=0x7ffbfeff, sa_flags=0x10000004
SIGUSR1: SIG_DFL, sa_mask[0]=0x00000000, sa_flags=0x00000000
SIGUSR2: [libjvm.so+0x51d280], sa_mask[0]=0x00000004, sa_flags=0x10000004
SIGHUP: SIG_DFL, sa_mask[0]=0x00000000, sa_flags=0x00000000
SIGINT: SIG_DFL, sa_mask[0]=0x00000000, sa_flags=0x00000000
SIGTERM: SIG_DFL, sa_mask[0]=0x00000000, sa_flags=0x00000000
SIGQUIT: SIG_DFL, sa_mask[0]=0x00000000, sa_flags=0x00000000


---------------  S Y S T E M  ---------------

OS:Ubuntu 11.04 (natty)
uname:Linux 2.6.38-8-generic #42-Ubuntu SMP Mon Apr 11 03:31:50 UTC 2011 i686
libc:glibc 2.13 NPTL 2.13 
rlimit: STACK 8192k, CORE 0k, NPROC infinity, NOFILE 4096, AS infinity
load average:0.20 0.40 0.36

/proc/meminfo:
MemTotal:        1924192 kB
MemFree:           86416 kB
Buffers:           10368 kB
Cached:           380708 kB
SwapCached:         3804 kB
Active:           859324 kB
Inactive:         899772 kB
Active(anon):     750836 kB
Inactive(anon):   790072 kB
Active(file):     108488 kB
Inactive(file):   109700 kB
Unevictable:          48 kB
Mlocked:              48 kB
HighTotal:       1049872 kB
HighFree:          15956 kB
LowTotal:         874320 kB
LowFree:           70460 kB
SwapTotal:       1956860 kB
SwapFree:        1885208 kB
Dirty:               412 kB
Writeback:             0 kB
AnonPages:       1364988 kB
Mapped:           158356 kB
Shmem:            172856 kB
Slab:              33688 kB
SReclaimable:      17304 kB
SUnreclaim:        16384 kB
KernelStack:        3712 kB
PageTables:         8336 kB
NFS_Unstable:          0 kB
Bounce:                0 kB
WritebackTmp:          0 kB
CommitLimit:     2918956 kB
Committed_AS:    4134204 kB
VmallocTotal:     122880 kB
VmallocUsed:       33724 kB
VmallocChunk:      83908 kB
HardwareCorrupted:     0 kB
HugePages_Total:       0
HugePages_Free:        0
HugePages_Rsvd:        0
HugePages_Surp:        0
Hugepagesize:       4096 kB
DirectMap4k:       16376 kB
DirectMap4M:      892928 kB


CPU:total 2 (2 cores per cpu, 1 threads per core) family 6 model 23 stepping 10, cmov, cx8, fxsr, mmx, sse, sse2, sse3, ssse3

Memory: 4k page, physical 1924192k(86416k free), swap 1956860k(1885208k free)

vm_info: OpenJDK Server VM (20.0-b11) for linux-x86 JRE (1.6.0_22-b22), built on Jun 11 2011 05:56:20 by "buildd" with gcc 4.5.2

time: Sat Jul  2 20:43:00 2011
elapsed time: 0 seconds

